<?xml version="1.0" encoding="UTF-8"?>
<!-- Generated by org.testng.reporters.JUnitXMLReporter -->
<testsuite hostname="ASCDK041" name="Test" tests="3" failures="0" timestamp="9 Mar 2016 11:28:04 GMT" time="0.457" errors="0">
  <testcase name="@BeforeClass initializeTestBaseSetup" time="0.0" classname="com.pack.test.SignInPageTest">
    <failure type="org.testng.TestNGException" message="
Parameter &amp;apos;browserType&amp;apos; is required by @Configuration on method initializeTestBaseSetup but has not been marked @Optional or defined
in D:\AppiumPoc\DemoFrameWork\src\main\resources\testng.xml">
      <![CDATA[org.testng.TestNGException: 
Parameter 'browserType' is required by @Configuration on method initializeTestBaseSetup but has not been marked @Optional or defined
in D:\AppiumPoc\DemoFrameWork\src\main\resources\testng.xml
... Removed 21 stack frames]]>
    </failure>
  </testcase> <!-- @BeforeClass initializeTestBaseSetup -->
  <testcase name="@BeforeClass setUp" time="0.0" classname="com.pack.test.SignInPageTest">
    <skipped/>
  </testcase> <!-- @BeforeClass setUp -->
  <testcase name="@AfterClass tearDown" time="0.0" classname="com.pack.test.SignInPageTest">
    <skipped/>
  </testcase> <!-- @AfterClass tearDown -->
  <testcase name="@BeforeClass initializeTestBaseSetup" time="0.0" classname="com.pack.test.CreateAnAccounTest">
    <skipped/>
  </testcase> <!-- @BeforeClass initializeTestBaseSetup -->
  <testcase name="@BeforeClass setUp" time="0.0" classname="com.pack.test.CreateAnAccounTest">
    <skipped/>
  </testcase> <!-- @BeforeClass setUp -->
  <testcase name="@AfterClass tearDown" time="0.0" classname="com.pack.test.CreateAnAccounTest">
    <skipped/>
  </testcase> <!-- @AfterClass tearDown -->
  <testcase name="@BeforeClass initializeTestBaseSetup" time="0.0" classname="com.pack.test.BasePageTest">
    <skipped/>
  </testcase> <!-- @BeforeClass initializeTestBaseSetup -->
  <testcase name="@BeforeClass setUp" time="0.0" classname="com.pack.test.BasePageTest">
    <skipped/>
  </testcase> <!-- @BeforeClass setUp -->
  <testcase name="@AfterClass tearDown" time="0.0" classname="com.pack.test.BasePageTest">
    <skipped/>
  </testcase> <!-- @AfterClass tearDown -->
  <testcase name="verifySignInFunction" time="0.028" classname="com.pack.test.SignInPageTest">
    <skipped/>
  </testcase> <!-- verifySignInFunction -->
  <testcase name="CreateAnAccounPage" time="0.007" classname="com.pack.test.CreateAnAccounTest">
    <skipped/>
  </testcase> <!-- CreateAnAccounPage -->
  <testcase name="verifyHomePage" time="0.005" classname="com.pack.test.BasePageTest">
    <skipped/>
  </testcase> <!-- verifyHomePage -->
</testsuite> <!-- Test -->
