<?xml version="1.0" encoding="UTF-8"?>
<testng-results skipped="0" failed="3" total="3" passed="0">
  <reporter-output>
  </reporter-output>
  <suite name="FrameworkDemo" duration-ms="108679" started-at="2016-03-21T13:04:24Z" finished-at="2016-03-21T13:06:13Z">
    <groups>
    </groups>
    <test name="GoTest" duration-ms="108679" started-at="2016-03-21T13:04:24Z" finished-at="2016-03-21T13:06:13Z">
      <class name="com.pack.test.BasePageTest">
        <test-method status="PASS" signature="initializeTestBaseSetup(java.lang.String, java.lang.String)[pri:0, instance:com.pack.test.BasePageTest@3b81a1bc]" name="initializeTestBaseSetup" is-config="true" duration-ms="15838" started-at="2016-03-21T18:35:55Z" finished-at="2016-03-21T18:36:11Z">
          <params>
            <param index="0">
              <value>
                <![CDATA[firefox]]>
              </value>
            </param>
            <param index="1">
              <value>
                <![CDATA[https://www.google.co.in/]]>
              </value>
            </param>
          </params>
          <reporter-output>
          </reporter-output>
        </test-method> <!-- initializeTestBaseSetup -->
        <test-method status="PASS" signature="setUp()[pri:0, instance:com.pack.test.BasePageTest@3b81a1bc]" name="setUp" is-config="true" duration-ms="4" started-at="2016-03-21T18:36:11Z" finished-at="2016-03-21T18:36:11Z">
          <reporter-output>
          </reporter-output>
        </test-method> <!-- setUp -->
        <test-method status="FAIL" signature="verifyHomePage()[pri:0, instance:com.pack.test.BasePageTest@3b81a1bc]" name="verifyHomePage" duration-ms="12" started-at="2016-03-21T18:36:11Z" finished-at="2016-03-21T18:36:11Z">
          <exception class="java.lang.NullPointerException">
            <full-stacktrace>
              <![CDATA[java.lang.NullPointerException
	at com.pack.test.BasePageTest.verifyHomePage(BasePageTest.java:36)
	at sun.reflect.NativeMethodAccessorImpl.invoke0(Native Method)
	at sun.reflect.NativeMethodAccessorImpl.invoke(Unknown Source)
	at sun.reflect.DelegatingMethodAccessorImpl.invoke(Unknown Source)
	at java.lang.reflect.Method.invoke(Unknown Source)
	at org.testng.internal.MethodInvocationHelper.invokeMethod(MethodInvocationHelper.java:86)
	at org.testng.internal.Invoker.invokeMethod(Invoker.java:643)
	at org.testng.internal.Invoker.invokeTestMethod(Invoker.java:820)
	at org.testng.internal.Invoker.invokeTestMethods(Invoker.java:1128)
	at org.testng.internal.TestMethodWorker.invokeTestMethods(TestMethodWorker.java:129)
	at org.testng.internal.TestMethodWorker.run(TestMethodWorker.java:112)
	at org.testng.TestRunner.privateRun(TestRunner.java:782)
	at org.testng.TestRunner.run(TestRunner.java:632)
	at org.testng.SuiteRunner.runTest(SuiteRunner.java:366)
	at org.testng.SuiteRunner.runSequentially(SuiteRunner.java:361)
	at org.testng.SuiteRunner.privateRun(SuiteRunner.java:319)
	at org.testng.SuiteRunner.run(SuiteRunner.java:268)
	at org.testng.SuiteRunnerWorker.runSuite(SuiteRunnerWorker.java:52)
	at org.testng.SuiteRunnerWorker.run(SuiteRunnerWorker.java:86)
	at org.testng.TestNG.runSuitesSequentially(TestNG.java:1244)
	at org.testng.TestNG.runSuitesLocally(TestNG.java:1169)
	at org.testng.TestNG.run(TestNG.java:1064)
	at org.testng.remote.RemoteTestNG.run(RemoteTestNG.java:113)
	at org.testng.remote.RemoteTestNG.initAndRun(RemoteTestNG.java:206)
	at org.testng.remote.RemoteTestNG.main(RemoteTestNG.java:177)
]]>
            </full-stacktrace>
          </exception> <!-- java.lang.NullPointerException -->
          <reporter-output>
          </reporter-output>
        </test-method> <!-- verifyHomePage -->
        <test-method status="PASS" signature="tearDown(org.testng.ITestResult)[pri:0, instance:com.pack.test.BasePageTest@3b81a1bc]" name="tearDown" is-config="true" duration-ms="558" started-at="2016-03-21T18:36:11Z" finished-at="2016-03-21T18:36:12Z">
          <params>
            <param index="0">
              <value>
                <![CDATA[[TestResult name=verifyHomePage status=FAILURE method=BasePageTest.verifyHomePage()[pri:0, instance:com.pack.test.BasePageTest@3b81a1bc] output={null}]]]>
              </value>
            </param>
          </params>
          <reporter-output>
          </reporter-output>
        </test-method> <!-- tearDown -->
        <test-method status="PASS" signature="tearDown()[pri:0, instance:com.pack.test.BasePageTest@3b81a1bc]" name="tearDown" is-config="true" duration-ms="813" started-at="2016-03-21T18:36:12Z" finished-at="2016-03-21T18:36:13Z">
          <reporter-output>
          </reporter-output>
        </test-method> <!-- tearDown -->
      </class> <!-- com.pack.test.BasePageTest -->
      <class name="com.pack.test.SignInPageTest">
        <test-method status="PASS" signature="initializeTestBaseSetup(java.lang.String, java.lang.String)[pri:0, instance:com.pack.test.SignInPageTest@5f2050f6]" name="initializeTestBaseSetup" is-config="true" duration-ms="24500" started-at="2016-03-21T18:35:29Z" finished-at="2016-03-21T18:35:54Z">
          <params>
            <param index="0">
              <value>
                <![CDATA[firefox]]>
              </value>
            </param>
            <param index="1">
              <value>
                <![CDATA[https://www.google.co.in/]]>
              </value>
            </param>
          </params>
          <reporter-output>
          </reporter-output>
        </test-method> <!-- initializeTestBaseSetup -->
        <test-method status="PASS" signature="setUp()[pri:0, instance:com.pack.test.SignInPageTest@5f2050f6]" name="setUp" is-config="true" duration-ms="1" started-at="2016-03-21T18:35:54Z" finished-at="2016-03-21T18:35:54Z">
          <reporter-output>
          </reporter-output>
        </test-method> <!-- setUp -->
        <test-method status="FAIL" signature="verifySignInFunction()[pri:0, instance:com.pack.test.SignInPageTest@5f2050f6]" name="verifySignInFunction" duration-ms="12" started-at="2016-03-21T18:35:54Z" finished-at="2016-03-21T18:35:54Z">
          <exception class="java.lang.NullPointerException">
            <full-stacktrace>
              <![CDATA[java.lang.NullPointerException
	at com.pack.test.SignInPageTest.verifySignInFunction(SignInPageTest.java:32)
	at sun.reflect.NativeMethodAccessorImpl.invoke0(Native Method)
	at sun.reflect.NativeMethodAccessorImpl.invoke(Unknown Source)
	at sun.reflect.DelegatingMethodAccessorImpl.invoke(Unknown Source)
	at java.lang.reflect.Method.invoke(Unknown Source)
	at org.testng.internal.MethodInvocationHelper.invokeMethod(MethodInvocationHelper.java:86)
	at org.testng.internal.Invoker.invokeMethod(Invoker.java:643)
	at org.testng.internal.Invoker.invokeTestMethod(Invoker.java:820)
	at org.testng.internal.Invoker.invokeTestMethods(Invoker.java:1128)
	at org.testng.internal.TestMethodWorker.invokeTestMethods(TestMethodWorker.java:129)
	at org.testng.internal.TestMethodWorker.run(TestMethodWorker.java:112)
	at org.testng.TestRunner.privateRun(TestRunner.java:782)
	at org.testng.TestRunner.run(TestRunner.java:632)
	at org.testng.SuiteRunner.runTest(SuiteRunner.java:366)
	at org.testng.SuiteRunner.runSequentially(SuiteRunner.java:361)
	at org.testng.SuiteRunner.privateRun(SuiteRunner.java:319)
	at org.testng.SuiteRunner.run(SuiteRunner.java:268)
	at org.testng.SuiteRunnerWorker.runSuite(SuiteRunnerWorker.java:52)
	at org.testng.SuiteRunnerWorker.run(SuiteRunnerWorker.java:86)
	at org.testng.TestNG.runSuitesSequentially(TestNG.java:1244)
	at org.testng.TestNG.runSuitesLocally(TestNG.java:1169)
	at org.testng.TestNG.run(TestNG.java:1064)
	at org.testng.remote.RemoteTestNG.run(RemoteTestNG.java:113)
	at org.testng.remote.RemoteTestNG.initAndRun(RemoteTestNG.java:206)
	at org.testng.remote.RemoteTestNG.main(RemoteTestNG.java:177)
]]>
            </full-stacktrace>
          </exception> <!-- java.lang.NullPointerException -->
          <reporter-output>
          </reporter-output>
        </test-method> <!-- verifySignInFunction -->
        <test-method status="PASS" signature="tearDown(org.testng.ITestResult)[pri:0, instance:com.pack.test.SignInPageTest@5f2050f6]" name="tearDown" is-config="true" duration-ms="643" started-at="2016-03-21T18:35:54Z" finished-at="2016-03-21T18:35:54Z">
          <params>
            <param index="0">
              <value>
                <![CDATA[[TestResult name=verifySignInFunction status=FAILURE method=SignInPageTest.verifySignInFunction()[pri:0, instance:com.pack.test.SignInPageTest@5f2050f6] output={null}]]]>
              </value>
            </param>
          </params>
          <reporter-output>
          </reporter-output>
        </test-method> <!-- tearDown -->
        <test-method status="PASS" signature="tearDown()[pri:0, instance:com.pack.test.SignInPageTest@5f2050f6]" name="tearDown" is-config="true" duration-ms="912" started-at="2016-03-21T18:35:54Z" finished-at="2016-03-21T18:35:55Z">
          <reporter-output>
          </reporter-output>
        </test-method> <!-- tearDown -->
      </class> <!-- com.pack.test.SignInPageTest -->
      <class name="com.pack.test.CreateAnAccounTest">
        <test-method status="PASS" signature="initializeTestBaseSetup(java.lang.String, java.lang.String)[pri:0, instance:com.pack.test.CreateAnAccounTest@26ba2a48]" name="initializeTestBaseSetup" is-config="true" duration-ms="58294" started-at="2016-03-21T18:34:24Z" finished-at="2016-03-21T18:35:22Z">
          <params>
            <param index="0">
              <value>
                <![CDATA[firefox]]>
              </value>
            </param>
            <param index="1">
              <value>
                <![CDATA[https://www.google.co.in/]]>
              </value>
            </param>
          </params>
          <reporter-output>
          </reporter-output>
        </test-method> <!-- initializeTestBaseSetup -->
        <test-method status="PASS" signature="setUp()[pri:0, instance:com.pack.test.CreateAnAccounTest@26ba2a48]" name="setUp" is-config="true" duration-ms="10" started-at="2016-03-21T18:35:22Z" finished-at="2016-03-21T18:35:22Z">
          <reporter-output>
          </reporter-output>
        </test-method> <!-- setUp -->
        <test-method status="FAIL" signature="CreateAnAccounPage(java.lang.String, java.lang.String, java.lang.String)[pri:0, instance:com.pack.test.CreateAnAccounTest@26ba2a48]" name="CreateAnAccounPage" duration-ms="185" started-at="2016-03-21T18:35:23Z" data-provider="createAccount" finished-at="2016-03-21T18:35:24Z">
          <params>
            <param index="0">
              <value>
                <![CDATA[Chinmay]]>
              </value>
            </param>
            <param index="1">
              <value>
                <![CDATA[Satapathy]]>
              </value>
            </param>
            <param index="2">
              <value>
                <![CDATA[9740172751]]>
              </value>
            </param>
          </params>
          <exception class="java.lang.NullPointerException">
            <full-stacktrace>
              <![CDATA[java.lang.NullPointerException
	at com.pack.test.CreateAnAccounTest.CreateAnAccounPage(CreateAnAccounTest.java:53)
	at sun.reflect.NativeMethodAccessorImpl.invoke0(Native Method)
	at sun.reflect.NativeMethodAccessorImpl.invoke(Unknown Source)
	at sun.reflect.DelegatingMethodAccessorImpl.invoke(Unknown Source)
	at java.lang.reflect.Method.invoke(Unknown Source)
	at org.testng.internal.MethodInvocationHelper.invokeMethod(MethodInvocationHelper.java:86)
	at org.testng.internal.Invoker.invokeMethod(Invoker.java:643)
	at org.testng.internal.Invoker.invokeTestMethod(Invoker.java:820)
	at org.testng.internal.Invoker.invokeTestMethods(Invoker.java:1128)
	at org.testng.internal.TestMethodWorker.invokeTestMethods(TestMethodWorker.java:129)
	at org.testng.internal.TestMethodWorker.run(TestMethodWorker.java:112)
	at org.testng.TestRunner.privateRun(TestRunner.java:782)
	at org.testng.TestRunner.run(TestRunner.java:632)
	at org.testng.SuiteRunner.runTest(SuiteRunner.java:366)
	at org.testng.SuiteRunner.runSequentially(SuiteRunner.java:361)
	at org.testng.SuiteRunner.privateRun(SuiteRunner.java:319)
	at org.testng.SuiteRunner.run(SuiteRunner.java:268)
	at org.testng.SuiteRunnerWorker.runSuite(SuiteRunnerWorker.java:52)
	at org.testng.SuiteRunnerWorker.run(SuiteRunnerWorker.java:86)
	at org.testng.TestNG.runSuitesSequentially(TestNG.java:1244)
	at org.testng.TestNG.runSuitesLocally(TestNG.java:1169)
	at org.testng.TestNG.run(TestNG.java:1064)
	at org.testng.remote.RemoteTestNG.run(RemoteTestNG.java:113)
	at org.testng.remote.RemoteTestNG.initAndRun(RemoteTestNG.java:206)
	at org.testng.remote.RemoteTestNG.main(RemoteTestNG.java:177)
]]>
            </full-stacktrace>
          </exception> <!-- java.lang.NullPointerException -->
          <reporter-output>
          </reporter-output>
        </test-method> <!-- CreateAnAccounPage -->
        <test-method status="PASS" signature="tearDown(org.testng.ITestResult)[pri:0, instance:com.pack.test.CreateAnAccounTest@26ba2a48]" name="tearDown" is-config="true" duration-ms="767" started-at="2016-03-21T18:35:24Z" finished-at="2016-03-21T18:35:24Z">
          <params>
            <param index="0">
              <value>
                <![CDATA[[TestResult name=CreateAnAccounPage status=FAILURE method=CreateAnAccounTest.CreateAnAccounPage(java.lang.String, java.lang.String, java.lang.String)[pri:0, instance:com.pack.test.CreateAnAccounTest@26ba2a48] output={null}]]]>
              </value>
            </param>
          </params>
          <reporter-output>
          </reporter-output>
        </test-method> <!-- tearDown -->
        <test-method status="PASS" signature="tearDown()[pri:0, instance:com.pack.test.CreateAnAccounTest@26ba2a48]" name="tearDown" is-config="true" duration-ms="4776" started-at="2016-03-21T18:35:24Z" finished-at="2016-03-21T18:35:29Z">
          <reporter-output>
          </reporter-output>
        </test-method> <!-- tearDown -->
      </class> <!-- com.pack.test.CreateAnAccounTest -->
    </test> <!-- GoTest -->
  </suite> <!-- FrameworkDemo -->
</testng-results>
